
> agent-saas-frontend@0.1.0 dev
> vite --host 0.0.0.0 --host 0.0.0.0


  [32m[1mVITE[22m v5.4.21[39m  [2mready in [0m[1m415[22m[2m[0m ms[22m

  [32m➜[39m  [1mLocal[22m:   [36mhttp://localhost:[1m5173[22m/[39m
  [32m➜[39m  [1mNetwork[22m: [36mhttp://192.168.0.204:[1m5173[22m/[39m
  [32m➜[39m  [1mNetwork[22m: [36mhttp://172.20.144.1:[1m5173[22m/[39m
[2m17:27:50[22m [36m[1m[vite][22m[39m [32mhmr update [39m[2m/src/components/AppLayout.tsx[22m
[2m17:27:50[22m [36m[1m[vite][22m[39m [32mhmr update [39m[2m/src/index.css[22m
[2m17:36:47[22m [36m[1m[vite][22m[39m [32mhmr update [39m[2m/src/pages/AgentConsole.tsx[22m
[2m17:36:47[22m [36m[1m[vite][22m[39m [32mhmr update [39m[2m/src/pages/AgentConsole.tsx[22m
[2m17:39:10[22m [36m[1m[vite][22m[39m [32mhmr update [39m[2m/src/features/task-console/TaskTrackingPanel.tsx, /src/features/task-console/TaskResultPanel.tsx[22m
[2m17:39:12[22m [36m[1m[vite][22m[39m [32mhmr update [39m[2m/src/index.css[22m
[2m17:41:28[22m [36m[1m[vite][22m[39m [32mhmr update [39m[2m/src/features/task-console/AgentSelector.tsx[22m
[2m17:41:29[22m [36m[1m[vite][22m[39m [32mhmr update [39m[2m/src/pages/Agents.tsx[22m
[2m17:41:37[22m [36m[1m[vite][22m[39m [32mhmr update [39m[2m/src/features/task-console/AgentSelector.tsx[22m
[2m17:41:37[22m [36m[1m[vite][22m[39m [32mhmr update [39m[2m/src/pages/Agents.tsx[22m
[2m17:41:55[22m [36m[1m[vite][22m[39m [32mhmr update [39m[2m/src/index.css[22m
[2m17:42:02[22m [36m[1m[vite][22m[39m [32mhmr update [39m[2m/src/index.css[22m
[2m17:42:18[22m [36m[1m[vite][22m[39m [32mhmr update [39m[2m/src/index.css[22m
[2m17:44:40[22m [36m[1m[vite][22m[39m [32mhmr update [39m[2m/src/pages/AgentConsole.tsx[22m
[2m17:51:21[22m [36m[1m[vite][22m[39m [32mhmr update [39m[2m/src/components/RequireAuth.tsx, /src/pages/Audit.tsx, /src/pages/DataLake.tsx, /src/components/AppLayout.tsx, /src/pages/AgentConsole.tsx, /src/pages/Accounts.tsx, /src/pages/Home.tsx, /src/pages/Agents.tsx, /src/pages/Council.tsx, /src/pages/AgentChat.tsx, /src/pages/Login.tsx, /src/pages/CommerceFusion.tsx, /src/pages/OntologyGraph.tsx, /src/pages/CollabRisk.tsx, /src/components/CollabUnreadBell.tsx, /src/components/UserSkills.tsx, /src/components/UserSettingsModal.tsx, /src/components/ChatSkillPicker.tsx, /src/features/task-console/WeComConfigModal.tsx, /src/features/task-console/WeComConnectionStatus.tsx, /src/features/task-console/TaskResultPanel.tsx, /src/features/wecom-bindings/WeComBindingManager.tsx, /src/features/task-console/RecipientSelector.tsx, /src/features/task-console/WeComMessagePreview.tsx, /src/features/task-console/WeComGroupWebhookManager.tsx, /src/features/task-console/TaskTrackingPanel.tsx, /src/components/ChatMarkdown.tsx, /src/features/wecom-bindings/WeComNotificationManager.tsx, /src/components/ChatConnectorPicker.tsx, /src/features/organizations/OrganizationManager.tsx, /src/components/McpServers.tsx[22m
[2m17:51:21[22m [36m[1m[vite][22m[39m [32mhmr update [39m[2m/src/features/organizations/OrganizationManager.tsx[22m
[2m17:51:21[22m [36m[1m[vite][22m[39m [33mhmr invalidate [39m[2m/src/components/ChatMarkdown.tsx[22m Could not Fast Refresh ("isReportLike" export is incompatible). Learn more at https://github.com/vitejs/vite-plugin-react/tree/main/packages/plugin-react#consistent-components-exports
[2m17:51:21[22m [36m[1m[vite][22m[39m [32mhmr update [39m[2m/src/pages/AgentChat.tsx, /src/pages/CollabRisk.tsx, /src/features/task-console/TaskArtifactPreview.tsx[22m
[2m17:51:21[22m [36m[1m[vite][22m[39m [33mhmr invalidate [39m[2m/src/components/ChatConnectorPicker.tsx[22m Could not Fast Refresh ("connectorPrompt" export is incompatible). Learn more at https://github.com/vitejs/vite-plugin-react/tree/main/packages/plugin-react#consistent-components-exports
[2m17:51:21[22m [36m[1m[vite][22m[39m [32mhmr update [39m[2m/src/pages/AgentChat.tsx[22m
[2m17:51:32[22m [36m[1m[vite][22m[39m [32mhmr update [39m[2m/src/features/organizations/OrganizationManager.tsx[22m
[2m17:51:40[22m [36m[1m[vite][22m[39m [32mhmr update [39m[2m/src/features/organizations/OrganizationManager.tsx[22m
[2m17:53:17[22m [36m[1m[vite][22m[39m [32mhmr update [39m[2m/src/components/RequireAuth.tsx, /src/pages/Audit.tsx, /src/pages/DataLake.tsx, /src/components/AppLayout.tsx, /src/pages/AgentConsole.tsx, /src/pages/Accounts.tsx, /src/pages/Home.tsx, /src/pages/Agents.tsx, /src/pages/Council.tsx, /src/pages/AgentChat.tsx, /src/pages/Login.tsx, /src/pages/CommerceFusion.tsx, /src/pages/OntologyGraph.tsx, /src/pages/CollabRisk.tsx, /src/components/CollabUnreadBell.tsx, /src/components/UserSkills.tsx, /src/components/UserSettingsModal.tsx, /src/components/ChatSkillPicker.tsx, /src/features/task-console/WeComConfigModal.tsx, /src/features/task-console/WeComConnectionStatus.tsx, /src/features/task-console/TaskResultPanel.tsx, /src/features/wecom-bindings/WeComBindingManager.tsx, /src/features/task-console/RecipientSelector.tsx, /src/features/task-console/WeComMessagePreview.tsx, /src/features/task-console/WeComGroupWebhookManager.tsx, /src/features/task-console/TaskTrackingPanel.tsx, /src/components/ChatMarkdown.tsx, /src/features/wecom-bindings/WeComNotificationManager.tsx, /src/components/ChatConnectorPicker.tsx, /src/features/organizations/OrganizationManager.tsx, /src/components/McpServers.tsx[22m
[2m17:53:17[22m [36m[1m[vite][22m[39m [33mhmr invalidate [39m[2m/src/components/ChatMarkdown.tsx[22m Could not Fast Refresh ("isReportLike" export is incompatible). Learn more at https://github.com/vitejs/vite-plugin-react/tree/main/packages/plugin-react#consistent-components-exports
[2m17:53:17[22m [36m[1m[vite][22m[39m [32mhmr update [39m[2m/src/pages/AgentChat.tsx, /src/pages/CollabRisk.tsx, /src/features/task-console/TaskArtifactPreview.tsx[22m
[2m17:53:17[22m [36m[1m[vite][22m[39m [33mhmr invalidate [39m[2m/src/components/ChatConnectorPicker.tsx[22m Could not Fast Refresh ("connectorPrompt" export is incompatible). Learn more at https://github.com/vitejs/vite-plugin-react/tree/main/packages/plugin-react#consistent-components-exports
[2m17:53:17[22m [36m[1m[vite][22m[39m [32mhmr update [39m[2m/src/pages/AgentChat.tsx[22m
[2m17:53:18[22m [36m[1m[vite][22m[39m [32mhmr update [39m[2m/src/components/UserSettingsModal.tsx[22m
[2m17:53:46[22m [36m[1m[vite][22m[39m [32mhmr update [39m[2m/src/features/organizations/OrganizationManager.tsx[22m
[2m17:59:30[22m [36m[1m[vite][22m[39m [32mhmr update [39m[2m/src/components/RequireAuth.tsx, /src/pages/Audit.tsx, /src/pages/DataLake.tsx, /src/components/AppLayout.tsx, /src/pages/AgentConsole.tsx, /src/pages/Accounts.tsx, /src/pages/Home.tsx, /src/pages/Agents.tsx, /src/pages/Council.tsx, /src/pages/AgentChat.tsx, /src/pages/Login.tsx, /src/pages/CommerceFusion.tsx, /src/pages/OntologyGraph.tsx, /src/pages/CollabRisk.tsx, /src/components/CollabUnreadBell.tsx, /src/components/UserSkills.tsx, /src/components/UserSettingsModal.tsx, /src/components/ChatSkillPicker.tsx, /src/features/task-console/WeComConfigModal.tsx, /src/features/task-console/WeComConnectionStatus.tsx, /src/features/task-console/TaskResultPanel.tsx, /src/features/wecom-bindings/WeComBindingManager.tsx, /src/features/task-console/RecipientSelector.tsx, /src/features/task-console/WeComMessagePreview.tsx, /src/features/task-console/WeComGroupWebhookManager.tsx, /src/features/task-console/TaskTrackingPanel.tsx, /src/components/ChatMarkdown.tsx, /src/features/wecom-bindings/WeComNotificationManager.tsx, /src/components/ChatConnectorPicker.tsx, /src/features/organizations/OrganizationManager.tsx, /src/components/McpServers.tsx[22m
[2m17:59:30[22m [36m[1m[vite][22m[39m [32mhmr update [39m[2m/src/pages/Accounts.tsx[22m
[2m17:59:31[22m [36m[1m[vite][22m[39m [33mhmr invalidate [39m[2m/src/components/ChatMarkdown.tsx[22m Could not Fast Refresh ("isReportLike" export is incompatible). Learn more at https://github.com/vitejs/vite-plugin-react/tree/main/packages/plugin-react#consistent-components-exports
[2m17:59:31[22m [36m[1m[vite][22m[39m [32mhmr update [39m[2m/src/pages/AgentChat.tsx, /src/pages/CollabRisk.tsx, /src/features/task-console/TaskArtifactPreview.tsx[22m
[2m17:59:31[22m [36m[1m[vite][22m[39m [33mhmr invalidate [39m[2m/src/components/ChatConnectorPicker.tsx[22m Could not Fast Refresh ("connectorPrompt" export is incompatible). Learn more at https://github.com/vitejs/vite-plugin-react/tree/main/packages/plugin-react#consistent-components-exports
[2m17:59:31[22m [36m[1m[vite][22m[39m [32mhmr update [39m[2m/src/pages/AgentChat.tsx[22m
[2m18:00:02[22m [36m[1m[vite][22m[39m [32mhmr update [39m[2m/src/features/organizations/OrganizationManager.tsx[22m
[2m18:00:12[22m [36m[1m[vite][22m[39m [32mhmr update [39m[2m/src/features/organizations/OrganizationManager.tsx[22m
[2m18:00:42[22m [36m[1m[vite][22m[39m [32mhmr update [39m[2m/src/features/organizations/OrganizationManager.tsx[22m
[2m18:01:00[22m [36m[1m[vite][22m[39m [32mhmr update [39m[2m/src/features/organizations/OrganizationManager.tsx[22m
[2m18:01:13[22m [36m[1m[vite][22m[39m [32mhmr update [39m[2m/src/index.css[22m
[2m18:27:19[22m [36m[1m[vite][22m[39m [32mhmr update [39m[2m/src/features/organizations/OrganizationManager.tsx[22m
[2m18:27:36[22m [36m[1m[vite][22m[39m [32mhmr update [39m[2m/src/index.css[22m
[2m18:38:27[22m [36m[1m[vite][22m[39m [32mhmr update [39m[2m/src/components/RequireAuth.tsx, /src/pages/Audit.tsx, /src/pages/DataLake.tsx, /src/components/AppLayout.tsx, /src/pages/AgentConsole.tsx, /src/pages/Accounts.tsx, /src/pages/Home.tsx, /src/pages/Agents.tsx, /src/pages/Council.tsx, /src/pages/AgentChat.tsx, /src/pages/Login.tsx, /src/pages/CommerceFusion.tsx, /src/pages/OntologyGraph.tsx, /src/pages/CollabRisk.tsx, /src/components/CollabUnreadBell.tsx, /src/components/UserSkills.tsx, /src/components/UserSettingsModal.tsx, /src/components/ChatSkillPicker.tsx, /src/features/task-console/WeComConfigModal.tsx, /src/features/task-console/WeComConnectionStatus.tsx, /src/features/task-console/TaskResultPanel.tsx, /src/features/wecom-bindings/WeComBindingManager.tsx, /src/features/task-console/RecipientSelector.tsx, /src/features/task-console/WeComMessagePreview.tsx, /src/features/task-console/WeComGroupWebhookManager.tsx, /src/features/task-console/TaskTrackingPanel.tsx, /src/components/ChatMarkdown.tsx, /src/features/wecom-bindings/WeComNotificationManager.tsx, /src/components/ChatConnectorPicker.tsx, /src/features/organizations/OrganizationManager.tsx, /src/components/McpServers.tsx[22m
[2m18:38:27[22m [36m[1m[vite][22m[39m [32mhmr update [39m[2m/src/features/organizations/OrganizationManager.tsx[22m
[2m18:38:27[22m [36m[1m[vite][22m[39m [33mhmr invalidate [39m[2m/src/components/ChatMarkdown.tsx[22m Could not Fast Refresh ("isReportLike" export is incompatible). Learn more at https://github.com/vitejs/vite-plugin-react/tree/main/packages/plugin-react#consistent-components-exports
[2m18:38:27[22m [36m[1m[vite][22m[39m [32mhmr update [39m[2m/src/pages/AgentChat.tsx, /src/pages/CollabRisk.tsx, /src/features/task-console/TaskArtifactPreview.tsx[22m
[2m18:38:27[22m [36m[1m[vite][22m[39m [33mhmr invalidate [39m[2m/src/components/ChatConnectorPicker.tsx[22m Could not Fast Refresh ("connectorPrompt" export is incompatible). Learn more at https://github.com/vitejs/vite-plugin-react/tree/main/packages/plugin-react#consistent-components-exports
[2m18:38:27[22m [36m[1m[vite][22m[39m [32mhmr update [39m[2m/src/pages/AgentChat.tsx[22m
