[17/Jul/2026 15:42:18] "GET /api/health/ HTTP/1.1" 200 46
[17/Jul/2026 15:42:18] "GET /api/health/ HTTP/1.1" 200 46
[17/Jul/2026 15:42:18,694] - Broken pipe from ('192.168.0.204', 55771)
[17/Jul/2026 15:42:18,695] - Broken pipe from ('127.0.0.1', 55770)
[17/Jul/2026 15:42:33] "GET /api/collab/unread/ HTTP/1.1" 200 51
[17/Jul/2026 15:42:33] "GET /api/collab/unread/ HTTP/1.1" 200 51
[17/Jul/2026 15:43:33] "GET /api/collab/unread/ HTTP/1.1" 200 51
[17/Jul/2026 15:43:33] "GET /api/collab/unread/ HTTP/1.1" 200 51
[17/Jul/2026 15:44:13] "GET /api/collab/unread/ HTTP/1.1" 200 51
[17/Jul/2026 15:44:14] "GET /api/collab/unread/ HTTP/1.1" 200 51
[17/Jul/2026 15:44:26] "GET /api/collab/unread/ HTTP/1.1" 200 51
[17/Jul/2026 15:44:33] "GET /api/collab/unread/ HTTP/1.1" 200 51
[17/Jul/2026 15:44:41] "GET /api/collab/unread/ HTTP/1.1" 200 51
[17/Jul/2026 15:44:56] "GET /api/collab/unread/ HTTP/1.1" 200 51
[17/Jul/2026 15:45:11] "GET /api/collab/unread/ HTTP/1.1" 200 51
[17/Jul/2026 15:45:26] "GET /api/collab/unread/ HTTP/1.1" 200 51
[17/Jul/2026 15:45:33] "GET /api/collab/unread/ HTTP/1.1" 200 51
[17/Jul/2026 15:46:25] "GET /api/collab/unread/ HTTP/1.1" 200 51
[17/Jul/2026 15:46:25] "GET /api/collab/unread/ HTTP/1.1" 200 51
[17/Jul/2026 15:46:26] "GET /api/collab/unread/ HTTP/1.1" 200 51
[17/Jul/2026 15:46:33] "GET /api/collab/unread/ HTTP/1.1" 200 51
[17/Jul/2026 15:46:37] "GET /api/collab/unread/ HTTP/1.1" 200 51
[17/Jul/2026 15:46:41] "GET /api/collab/unread/ HTTP/1.1" 200 51
[17/Jul/2026 15:46:42] "GET /api/collab/unread/ HTTP/1.1" 200 51
[17/Jul/2026 15:46:56] "GET /api/collab/unread/ HTTP/1.1" 200 51
[17/Jul/2026 15:47:11] "GET /api/collab/unread/ HTTP/1.1" 200 51
[17/Jul/2026 15:47:26] "GET /api/collab/unread/ HTTP/1.1" 200 51
[17/Jul/2026 15:47:33] "GET /api/collab/unread/ HTTP/1.1" 200 51
[17/Jul/2026 15:47:40] "GET /api/collab/unread/ HTTP/1.1" 200 51
[17/Jul/2026 15:47:41] "GET /api/auth/me/ HTTP/1.1" 200 427
[17/Jul/2026 15:47:41] "GET /api/auth/me/ HTTP/1.1" 200 427
[17/Jul/2026 15:47:41] "GET /api/collab/unread/ HTTP/1.1" 200 51
[17/Jul/2026 15:47:41] "GET /api/collab/unread/ HTTP/1.1" 200 51
[17/Jul/2026 15:47:50] "GET /api/auth/me/ HTTP/1.1" 200 427
[17/Jul/2026 15:47:50] "GET /api/auth/me/ HTTP/1.1" 200 427
[17/Jul/2026 15:47:51] "GET /api/collab/unread/ HTTP/1.1" 200 51
[17/Jul/2026 15:47:51] "GET /api/collab/unread/ HTTP/1.1" 200 51
[17/Jul/2026 15:48:03] "GET /api/collab/unread/ HTTP/1.1" 200 51
[17/Jul/2026 15:48:06] "GET /api/collab/unread/ HTTP/1.1" 200 51
[17/Jul/2026 15:48:15] "GET /api/wecom/cli-config/ HTTP/1.1" 200 270
[17/Jul/2026 15:48:15] "GET /api/wecom/todos/members/ HTTP/1.1" 200 1063
[17/Jul/2026 15:48:15] "GET /api/wecom/todos/?view=assigned&status=pending&page=1&pageSize=20 HTTP/1.1" 200 5234
[17/Jul/2026 15:48:21] "GET /api/collab/unread/ HTTP/1.1" 200 51
[17/Jul/2026 15:48:33] "GET /api/collab/unread/ HTTP/1.1" 200 51
[17/Jul/2026 15:48:36] "GET /api/collab/unread/ HTTP/1.1" 200 51
[17/Jul/2026 15:48:51] "GET /api/collab/unread/ HTTP/1.1" 200 51
[17/Jul/2026 15:49:06] "GET /api/collab/unread/ HTTP/1.1" 200 51
[17/Jul/2026 15:49:21] "GET /api/collab/unread/ HTTP/1.1" 200 51
[17/Jul/2026 15:49:33] "GET /api/collab/unread/ HTTP/1.1" 200 51
[17/Jul/2026 15:50:33] "GET /api/collab/unread/ HTTP/1.1" 200 51
[17/Jul/2026 15:50:33] "GET /api/collab/unread/ HTTP/1.1" 200 51
[17/Jul/2026 15:51:33] "GET /api/collab/unread/ HTTP/1.1" 200 51
[17/Jul/2026 15:51:33] "GET /api/collab/unread/ HTTP/1.1" 200 51
[17/Jul/2026 15:52:32] "GET /api/collab/unread/ HTTP/1.1" 200 51
[17/Jul/2026 15:52:32] "GET /api/collab/unread/ HTTP/1.1" 200 51
[17/Jul/2026 15:52:33] "GET /api/collab/unread/ HTTP/1.1" 200 51
[17/Jul/2026 15:52:33] "GET /api/auth/me/ HTTP/1.1" 200 427
[17/Jul/2026 15:52:33] "GET /api/auth/me/ HTTP/1.1" 200 427
[17/Jul/2026 15:52:33] "GET /api/collab/unread/ HTTP/1.1" 200 51
[17/Jul/2026 15:52:33] "GET /api/collab/unread/ HTTP/1.1" 200 51
[17/Jul/2026 15:52:48] "GET /api/collab/unread/ HTTP/1.1" 200 51
[17/Jul/2026 15:53:03] "GET /api/auth/me/ HTTP/1.1" 200 427
[17/Jul/2026 15:53:03] "GET /api/collab/unread/ HTTP/1.1" 200 51
[17/Jul/2026 15:53:03] "GET /api/auth/me/ HTTP/1.1" 200 427
[17/Jul/2026 15:53:04] "GET /api/collab/unread/ HTTP/1.1" 200 51
[17/Jul/2026 15:53:05] "GET /api/auth/me/ HTTP/1.1" 200 427
[17/Jul/2026 15:53:08] "GET /api/wecom/cli-config/ HTTP/1.1" 200 270
[17/Jul/2026 15:53:08] "GET /api/auth/me/ HTTP/1.1" 200 412
[17/Jul/2026 15:53:08] "GET /api/wecom/todos/members/ HTTP/1.1" 200 1063
[17/Jul/2026 15:53:08] "GET /api/wecom/todos/?view=assigned&status=pending&page=1&pageSize=20 HTTP/1.1" 200 5234
[17/Jul/2026 15:53:08] "GET /api/collab/unread/ HTTP/1.1" 200 51
[17/Jul/2026 15:53:18] "GET /api/collab/unread/ HTTP/1.1" 200 51
[17/Jul/2026 15:53:19] "GET /api/collab/unread/ HTTP/1.1" 200 51
[17/Jul/2026 15:53:24] "GET /api/collab/unread/ HTTP/1.1" 200 51
[17/Jul/2026 15:53:34] "GET /api/collab/unread/ HTTP/1.1" 200 51
[17/Jul/2026 15:53:39] "GET /api/collab/unread/ HTTP/1.1" 200 51
[17/Jul/2026 15:53:49] "GET /api/collab/unread/ HTTP/1.1" 200 51
[17/Jul/2026 15:53:54] "GET /api/collab/unread/ HTTP/1.1" 200 51
[17/Jul/2026 15:54:04] "GET /api/collab/unread/ HTTP/1.1" 200 51
[17/Jul/2026 15:54:09] "GET /api/collab/unread/ HTTP/1.1" 200 51
[17/Jul/2026 15:54:19] "GET /api/collab/unread/ HTTP/1.1" 200 51
[17/Jul/2026 15:54:24] "GET /api/collab/unread/ HTTP/1.1" 200 51
